# JRE version: OpenJDK Runtime Environment (11.0.13) (build 11.0.13+0-b1751.21-8125866)
# Java VM: OpenJDK 64-Bit Server VM (11.0.13+0-b1751.21-8125866, mixed mode, tiered, compressed oops, g1 gc, windows-amd64)
Heap:
 garbage-first heap   total 262144K, used 159968K [0x0000000080000000, 0x0000000100000000)
  region size 1024K, 35 young (35840K), 5 survivors (5120K)
 Metaspace       used 127455K, capacity 131086K, committed 132896K, reserved 1165312K
  class space    used 15626K, capacity 16957K, committed 17868K, reserved 1048576K
GC Heap History (20 events):
Event: 5510.863 GC heap before
{Heap before GC invocations=57 (full 0):
 garbage-first heap   total 262144K, used 140764K [0x0000000080000000, 0x0000000100000000)
  region size 1024K, 33 young (33792K), 8 survivors (8192K)
 Metaspace       used 125236K, capacity 128387K, committed 131616K, reserved 1163264K
  class space    used 15415K, capacity 16603K, committed 17868K, reserved 1048576K
}
Event: 5510.870 GC heap after
{Heap after GC invocations=58 (full 0):
 garbage-first heap   total 262144K, used 119253K [0x0000000080000000, 0x0000000100000000)
  region size 1024K, 3 young (3072K), 3 survivors (3072K)
 Metaspace       used 125236K, capacity 128387K, committed 131616K, reserved 1163264K
  class space    used 15415K, capacity 16603K, committed 17868K, reserved 1048576K
}
Event: 5511.259 GC heap before
{Heap before GC invocations=59 (full 0):
 garbage-first heap   total 262144K, used 211413K [0x0000000080000000, 0x0000000100000000)
  region size 1024K, 92 young (94208K), 3 survivors (3072K)
 Metaspace       used 125756K, capacity 128986K, committed 131872K, reserved 1163264K
  class space    used 15478K, capacity 16689K, committed 17868K, reserved 1048576K
}
Event: 5511.263 GC heap after
{Heap after GC invocations=60 (full 0):
 garbage-first heap   total 262144K, used 124713K [0x0000000080000000, 0x0000000100000000)
  region size 1024K, 9 young (9216K), 9 survivors (9216K)
 Metaspace       used 125756K, capacity 128986K, committed 131872K, reserved 1163264K
  class space    used 15478K, capacity 16689K, committed 17868K, reserved 1048576K
}
Event: 5511.266 GC heap before
{Heap before GC invocations=60 (full 0):
 garbage-first heap   total 262144K, used 127785K [0x0000000080000000, 0x0000000100000000)
  region size 1024K, 12 young (12288K), 9 survivors (9216K)
 Metaspace       used 125759K, capacity 128986K, committed 131872K, reserved 1163264K
  class space    used 15478K, capacity 16689K, committed 17868K, reserved 1048576K
}
Event: 5511.276 GC heap after
{Heap after GC invocations=61 (full 0):
 garbage-first heap   total 262144K, used 106724K [0x0000000080000000, 0x0000000100000000)
  region size 1024K, 2 young (2048K), 2 survivors (2048K)
 Metaspace       used 125759K, capacity 128986K, committed 131872K, reserved 1163264K
  class space    used 15478K, capacity 16689K, committed 17868K, reserved 1048576K
}
Event: 5530.821 GC heap before
{Heap before GC invocations=61 (full 0):
 garbage-first heap   total 262144K, used 222436K [0x0000000080000000, 0x0000000100000000)
  region size 1024K, 98 young (100352K), 2 survivors (2048K)
 Metaspace       used 126089K, capacity 129314K, committed 132128K, reserved 1163264K
  class space    used 15495K, capacity 16721K, committed 17868K, reserved 1048576K
}
Event: 5530.824 GC heap after
{Heap after GC invocations=62 (full 0):
 garbage-first heap   total 262144K, used 109685K [0x0000000080000000, 0x0000000100000000)
  region size 1024K, 4 young (4096K), 4 survivors (4096K)
 Metaspace       used 126089K, capacity 129314K, committed 132128K, reserved 1163264K
  class space    used 15495K, capacity 16721K, committed 17868K, reserved 1048576K
}
Event: 7820.075 GC heap before
{Heap before GC invocations=62 (full 0):
 garbage-first heap   total 262144K, used 207989K [0x0000000080000000, 0x0000000100000000)
  region size 1024K, 101 young (103424K), 4 survivors (4096K)
 Metaspace       used 126284K, capacity 129624K, committed 132384K, reserved 1163264K
  class space    used 15500K, capacity 16729K, committed 17868K, reserved 1048576K
}
Event: 7820.077 GC heap after
{Heap after GC invocations=63 (full 0):
 garbage-first heap   total 262144K, used 108217K [0x0000000080000000, 0x0000000100000000)
  region size 1024K, 3 young (3072K), 3 survivors (3072K)
 Metaspace       used 126284K, capacity 129624K, committed 132384K, reserved 1163264K
  class space    used 15500K, capacity 16729K, committed 17868K, reserved 1048576K
}
Event: 7820.341 GC heap before
{Heap before GC invocations=63 (full 0):
 garbage-first heap   total 262144K, used 157369K [0x0000000080000000, 0x0000000100000000)
  region size 1024K, 53 young (54272K), 3 survivors (3072K)
 Metaspace       used 126472K, capacity 129827K, committed 132384K, reserved 1163264K
  class space    used 15500K, capacity 16730K, committed 17868K, reserved 1048576K
}
Event: 7820.352 GC heap after
{Heap after GC invocations=64 (full 0):
 garbage-first heap   total 262144K, used 114742K [0x0000000080000000, 0x0000000100000000)
  region size 1024K, 9 young (9216K), 9 survivors (9216K)
 Metaspace       used 126472K, capacity 129827K, committed 132384K, reserved 1163264K
  class space    used 15500K, capacity 16730K, committed 17868K, reserved 1048576K
}
Event: 7820.735 GC heap before
{Heap before GC invocations=65 (full 0):
 garbage-first heap   total 262144K, used 209974K [0x0000000080000000, 0x0000000100000000)
  region size 1024K, 100 young (102400K), 9 survivors (9216K)
 Metaspace       used 126497K, capacity 129807K, committed 132640K, reserved 1165312K
  class space    used 15467K, capacity 16667K, committed 17868K, reserved 1048576K
}
Event: 7820.743 GC heap after
{Heap after GC invocations=66 (full 0):
 garbage-first heap   total 262144K, used 123380K [0x0000000080000000, 0x0000000100000000)
  region size 1024K, 10 young (10240K), 10 survivors (10240K)
 Metaspace       used 126497K, capacity 129807K, committed 132640K, reserved 1165312K
  class space    used 15467K, capacity 16667K, committed 17868K, reserved 1048576K
}
Event: 7820.745 GC heap before
{Heap before GC invocations=66 (full 0):
 garbage-first heap   total 262144K, used 125428K [0x0000000080000000, 0x0000000100000000)
  region size 1024K, 13 young (13312K), 10 survivors (10240K)
 Metaspace       used 126497K, capacity 129807K, committed 132640K, reserved 1165312K
  class space    used 15467K, capacity 16667K, committed 17868K, reserved 1048576K
}
Event: 7820.754 GC heap after
{Heap after GC invocations=67 (full 0):
 garbage-first heap   total 262144K, used 119292K [0x0000000080000000, 0x0000000100000000)
  region size 1024K, 2 young (2048K), 2 survivors (2048K)
 Metaspace       used 126497K, capacity 129807K, committed 132640K, reserved 1165312K
  class space    used 15467K, capacity 16667K, committed 17868K, reserved 1048576K
}
Event: 7895.607 GC heap before
{Heap before GC invocations=67 (full 0):
 garbage-first heap   total 262144K, used 224764K [0x0000000080000000, 0x0000000100000000)
  region size 1024K, 89 young (91136K), 2 survivors (2048K)
 Metaspace       used 127130K, capacity 130612K, committed 132896K, reserved 1165312K
  class space    used 15550K, capacity 16816K, committed 17868K, reserved 1048576K
}
Event: 7895.612 GC heap after
{Heap after GC invocations=68 (full 0):
 garbage-first heap   total 262144K, used 124598K [0x0000000080000000, 0x0000000100000000)
  region size 1024K, 7 young (7168K), 7 survivors (7168K)
 Metaspace       used 127130K, capacity 130612K, committed 132896K, reserved 1165312K
  class space    used 15550K, capacity 16816K, committed 17868K, reserved 1048576K
}
Event: 7895.807 GC heap before
{Heap before GC invocations=68 (full 0):
 garbage-first heap   total 262144K, used 158390K [0x0000000080000000, 0x0000000100000000)
  region size 1024K, 42 young (43008K), 7 survivors (7168K)
 Metaspace       used 127492K, capacity 131181K, committed 132896K, reserved 1165312K
  class space    used 15635K, capacity 16973K, committed 17868K, reserved 1048576K
}
Event: 7895.817 GC heap after
{Heap after GC invocations=69 (full 0):
 garbage-first heap   total 262144K, used 129248K [0x0000000080000000, 0x0000000100000000)
  region size 1024K, 5 young (5120K), 5 survivors (5120K)
 Metaspace       used 127492K, capacity 131181K, committed 132896K, reserved 1165312K
  class space    used 15635K, capacity 16973K, committed 17868K, reserved 1048576K
}

